[    0.000000] Initializing cgroup subsys cpuset
[    0.000000] Initializing cgroup subsys cpu
[    0.000000] Initializing cgroup subsys cpuacct
[    0.000000] Linux version 4.4.0-210-generic (buildd@lgw01-amd64-009) (gcc version 5.4.0 20160609 (Ubuntu 5.4.0-6ubuntu1~16.04.12) ) #242-Ubuntu SMP Fri Apr 16 09:57:56 UTC 2021 (Ubuntu 4.4.0-210.242-generic 4.4.262)
[    0.000000] Command line: BOOT_IMAGE=/boot/vmlinuz-4.4.0-210-generic root=LABEL=cloudimg-rootfs ro console=tty1 console=ttyS0
[    0.000000] KERNEL supported cpus:
[    0.000000]   Intel GenuineIntel
[    0.000000]   AMD AuthenticAMD
[    0.000000]   Centaur CentaurHauls
[    0.000000] [Firmware Bug]: TSC doesn't count with P0 frequency!
[    0.000000] x86/fpu: Legacy x87 FPU detected.
[    0.000000] e820: BIOS-provided physical RAM map:
[    0.000000] BIOS-e820: [mem 0x0000000000000000-0x000000000009fbff] usable
[    0.000000] BIOS-e820: [mem 0x000000000009fc00-0x000000000009ffff] reserved
[    0.000000] BIOS-e820: [mem 0x00000000000f0000-0x00000000000fffff] reserved
[    0.000000] BIOS-e820: [mem 0x0000000000100000-0x000000003ffeffff] usable
[    0.000000] BIOS-e820: [mem 0x000000003fff0000-0x000000003fffffff] ACPI data
[    0.000000] BIOS-e820: [mem 0x00000000fec00000-0x00000000fec00fff] reserved
[    0.000000] BIOS-e820: [mem 0x00000000fee00000-0x00000000fee00fff] reserved
[    0.000000] BIOS-e820: [mem 0x00000000fffc0000-0x00000000ffffffff] reserved
[    0.000000] NX (Execute Disable) protection: active
[    0.000000] SMBIOS 2.5 present.
[    0.000000] Hypervisor detected: KVM
[    0.000000] Kernel/User page tables isolation: disabled
[    0.000000] e820: last_pfn = 0x3fff0 max_arch_pfn = 0x400000000
[    0.000000] MTRR: Disabled
[    0.000000] x86/PAT: MTRRs disabled, skipping PAT initialization too.
[    0.000000] CPU MTRRs all blank - virtualized system.
[    0.000000] x86/PAT: Configuration [0-7]: WB  WT  UC- UC  WB  WT  UC- UC  
[    0.000000] found SMP MP-table at [mem 0x0009fff0-0x0009ffff] mapped at [ffff88000009fff0]
[    0.000000] Scanning 1 areas for low memory corruption
[    0.000000] RAMDISK: [mem 0x362dc000-0x37165fff]
[    0.000000] ACPI: Early table checksum verification disabled
[    0.000000] ACPI: RSDP 0x00000000000E0000 000024 (v02 VBOX  )
[    0.000000] ACPI: XSDT 0x000000003FFF0030 00003C (v01 VBOX   VBOXXSDT 00000001 ASL  00000061)
[    0.000000] ACPI: FACP 0x000000003FFF00F0 0000F4 (v04 VBOX   VBOXFACP 00000001 ASL  00000061)
[    0.000000] ACPI: DSDT 0x000000003FFF0610 002353 (v02 VBOX   VBOXBIOS 00000002 INTL 20100528)
[    0.000000] ACPI: FACS 0x000000003FFF0200 000040
[    0.000000] ACPI: FACS 0x000000003FFF0200 000040
[    0.000000] ACPI: APIC 0x000000003FFF0240 00005C (v02 VBOX   VBOXAPIC 00000001 ASL  00000061)
[    0.000000] ACPI: SSDT 0x000000003FFF02A0 00036C (v01 VBOX   VBOXCPUT 00000002 INTL 20100528)
[    0.000000] No NUMA configuration found
[    0.000000] Faking a node at [mem 0x0000000000000000-0x000000003ffeffff]
[    0.000000] NODE_DATA(0) allocated [mem 0x3ffeb000-0x3ffeffff]
[    0.000000] kvm-clock: Using msrs 4b564d01 and 4b564d00
[    0.000000] kvm-clock: cpu 0, msr 0:3ffe3001, primary cpu clock
[    0.000000] kvm-clock: using sched offset of 4044244975 cycles
[    0.000000] clocksource: kvm-clock: mask: 0xffffffffffffffff max_cycles: 0x1cd42e4dffb, max_idle_ns: 881590591483 ns
[    0.000000] Zone ranges:
[    0.000000]   DMA      [mem 0x0000000000001000-0x0000000000ffffff]
[    0.000000]   DMA32    [mem 0x0000000001000000-0x000000003ffeffff]
[    0.000000]   Normal   empty
[    0.000000]   Device   empty
[    0.000000] Movable zone start for each node
[    0.000000] Early memory node ranges
[    0.000000]   node   0: [mem 0x0000000000001000-0x000000000009efff]
[    0.000000]   node   0: [mem 0x0000000000100000-0x000000003ffeffff]
[    0.000000] Initmem setup node 0 [mem 0x0000000000001000-0x000000003ffeffff]
[    0.000000] ACPI: PM-Timer IO Port: 0x4008
[    0.000000] IOAPIC[0]: apic_id 2, version 32, address 0xfec00000, GSI 0-23
[    0.000000] ACPI: INT_SRC_OVR (bus 0 bus_irq 0 global_irq 2 dfl dfl)
[    0.000000] ACPI: INT_SRC_OVR (bus 0 bus_irq 9 global_irq 9 low level)
[    0.000000] Using ACPI (MADT) for SMP configuration information
[    0.000000] smpboot: Allowing 2 CPUs, 0 hotplug CPUs
[    0.000000] PM: Registered nosave memory: [mem 0x00000000-0x00000fff]
[    0.000000] PM: Registered nosave memory: [mem 0x0009f000-0x0009ffff]
[    0.000000] PM: Registered nosave memory: [mem 0x000a0000-0x000effff]
[    0.000000] PM: Registered nosave memory: [mem 0x000f0000-0x000fffff]
[    0.000000] e820: [mem 0x40000000-0xfebfffff] available for PCI devices
[    0.000000] Booting paravirtualized kernel on KVM
[    0.000000] clocksource: refined-jiffies: mask: 0xffffffff max_cycles: 0xffffffff, max_idle_ns: 7645519600211568 ns
[    0.000000] setup_percpu: NR_CPUS:512 nr_cpumask_bits:512 nr_cpu_ids:2 nr_node_ids:1
[    0.000000] PERCPU: Embedded 33 pages/cpu @ffff88003fc00000 s95192 r8192 d31784 u1048576
[    0.000000] Built 1 zonelists in Node order, mobility grouping on.  Total pages: 257912
[    0.000000] Policy zone: DMA32
[    0.000000] Kernel command line: BOOT_IMAGE=/boot/vmlinuz-4.4.0-210-generic root=LABEL=cloudimg-rootfs ro console=tty1 console=ttyS0
[    0.000000] PID hash table entries: 4096 (order: 3, 32768 bytes)
[    0.000000] Memory: 997792K/1048120K available (8644K kernel code, 1332K rwdata, 4044K rodata, 1492K init, 1164K bss, 50328K reserved, 0K cma-reserved)
[    0.000000] SLUB: HWalign=64, Order=0-3, MinObjects=0, CPUs=2, Nodes=1
[    0.000000] Hierarchical RCU implementation.
[    0.000000] 	Build-time adjustment of leaf fanout to 64.
[    0.000000] 	RCU restricting CPUs from NR_CPUS=512 to nr_cpu_ids=2.
[    0.000000] RCU: Adjusting geometry for rcu_fanout_leaf=64, nr_cpu_ids=2
[    0.000000] NR_IRQS:33024 nr_irqs:440 16
[    0.000000] Console: colour VGA+ 80x25
[    0.000000] console [tty1] enabled
[    0.000000] console [ttyS0] enabled
[    0.000000] tsc: Detected 2095.976 MHz processor
[    0.838702] Calibrating delay loop (skipped) preset value.. 4191.95 BogoMIPS (lpj=8383904)
[    0.851484] pid_max: default: 32768 minimum: 301
[    0.858188] ACPI: Core revision 20150930
[    0.865019] ACPI: 2 ACPI AML tables successfully acquired and loaded
[    0.875122] Security Framework initialized
[    0.880313] Yama: becoming mindful.
[    0.887764] AppArmor: AppArmor initialized
[    0.895746] Dentry cache hash table entries: 131072 (order: 8, 1048576 bytes)
[    0.916338] Inode-cache hash table entries: 65536 (order: 7, 524288 bytes)
[    0.931276] Mount-cache hash table entries: 2048 (order: 2, 16384 bytes)
[    0.945510] Mountpoint-cache hash table entries: 2048 (order: 2, 16384 bytes)
[    0.961615] Initializing cgroup subsys io
[    0.971120] Initializing cgroup subsys memory
[    0.978812] Initializing cgroup subsys devices
[    0.984451] Initializing cgroup subsys freezer
[    0.993520] Initializing cgroup subsys net_cls
[    0.999144] Initializing cgroup subsys perf_event
[    1.005721] Initializing cgroup subsys net_prio
[    1.011641] Initializing cgroup subsys hugetlb
[    1.018704] Initializing cgroup subsys pids
[    1.052878] mce: CPU supports 0 MCE banks
[    1.058900] Last level iTLB entries: 4KB 1024, 2MB 1024, 4MB 512
[    1.073264] Last level dTLB entries: 4KB 1536, 2MB 1536, 4MB 768, 1GB 0
[    1.086468] Spectre V1 : Mitigation: usercopy/swapgs barriers and __user pointer sanitization
[    1.099286] Spectre V2 : Spectre mitigation: LFENCE not serializing, switching to generic retpoline
[    1.112788] Spectre V2 : Mitigation: Full generic retpoline
[    1.122305] Spectre V2 : Spectre v2 / SpectreRSB mitigation: Filling RSB on context switch
[    1.214458] Freeing SMP alternatives memory: 36K
[    1.414369] ftrace: allocating 32380 entries in 127 pages
[    2.574223] smpboot: APIC(0) Converting physical 0 to logical package 0
[    2.589155] smpboot: Max logical packages: 1
[    2.616482] ..TIMER: vector=0x30 apic1=0 pin1=2 apic2=-1 pin2=-1
[    2.735092] smpboot: CPU0: AMD Ryzen 5 3500U with Radeon Vega Mobile Gfx (family: 0x17, model: 0x18, stepping: 0x1)
[    2.750840] Performance Events: Broken PMU hardware detected, using software events only.
[    2.764805] Failed to access perfctr msr (MSR c0010007 is 0)
[    2.959574] KVM setup paravirtual spinlock
[    2.972840] x86: Booting SMP configuration:
[    2.977942] .... node  #0, CPUs:      #1
[    2.985186] kvm-clock: cpu 1, msr 0:3ffe3041, secondary cpu clock
[    3.021979] mce: CPU supports 0 MCE banks
[    3.026754] TSC synchronization [CPU#0 -> CPU#1]:
[    3.032935] Measured 79664 cycles TSC warp between CPUs, turning off TSC clock.
[    3.041970] tsc: Marking TSC unstable due to check_tsc_sync_source failed
[    0.860811] x86: Booted up 1 node, 2 CPUs
[    0.864005] smpboot: Total of 2 processors activated (8383.90 BogoMIPS)
[    0.877713] devtmpfs: initialized
[    0.882299] evm: security.selinux
[    0.884006] evm: security.SMACK64
[    0.888003] evm: security.SMACK64EXEC
[    0.892003] evm: security.SMACK64TRANSMUTE
[    0.896003] evm: security.SMACK64MMAP
[    0.900003] evm: security.ima
[    0.904004] evm: security.capability
[    0.912172] clocksource: jiffies: mask: 0xffffffff max_cycles: 0xffffffff, max_idle_ns: 7645041785100000 ns
[    0.916054] futex hash table entries: 512 (order: 3, 32768 bytes)
[    0.924409] pinctrl core: initialized pinctrl subsystem
[    0.932377] RTC time: 11:05:36, date: 05/20/24
[    0.940970] NET: Registered protocol family 16
[    0.956009] cpuidle: using governor ladder
[    0.980005] cpuidle: using governor menu
[    0.984021] PCCT header not found.
[    0.996189] ACPI: bus type PCI registered
[    1.000004] acpiphp: ACPI Hot Plug PCI Controller Driver version: 0.5
[    1.004720] PCI: Using configuration type 1 for base access
[    1.008007] PCI: Using configuration type 1 for extended access
[    1.040488] ACPI: Added _OSI(Module Device)
[    1.044007] ACPI: Added _OSI(Processor Device)
[    1.052011] ACPI: Added _OSI(3.0 _SCP Extensions)
[    1.056008] ACPI: Added _OSI(Processor Aggregator Device)
[    1.061337] ACPI: Executed 1 blocks of module-level executable AML code
[    1.076140] ACPI: Interpreter enabled
[    1.080024] ACPI: (supports S0 S5)
[    1.084010] ACPI: Using IOAPIC for interrupt routing
[    1.088478] PCI: Using host bridge windows from ACPI; if necessary, use "pci=nocrs" and report a bug
[    1.104567] ACPI: PCI Root Bridge [PCI0] (domain 0000 [bus 00-ff])
[    1.108015] acpi PNP0A03:00: _OSC: OS supports [ExtendedConfig ASPM ClockPM Segments MSI]
[    1.113658] acpi PNP0A03:00: _OSC: platform does not support [PCIeCapability]
[    1.120226] acpi PNP0A03:00: _OSC: not requesting control; platform does not support [PCIeCapability]
[    1.124009] acpi PNP0A03:00: _OSC: OS requested [PCIeHotplug PME AER PCIeCapability]
[    1.128010] acpi PNP0A03:00: _OSC: platform willing to grant [PCIeHotplug PME AER]
[    1.132007] acpi PNP0A03:00: _OSC failed (AE_SUPPORT); disabling ASPM
[    1.140871] PCI host bridge to bus 0000:00
[    1.144007] pci_bus 0000:00: root bus resource [io  0x0000-0x0cf7 window]
[    1.148005] pci_bus 0000:00: root bus resource [io  0x0d00-0xffff window]
[    1.152006] pci_bus 0000:00: root bus resource [mem 0x000a0000-0x000bffff window]
[    1.156007] pci_bus 0000:00: root bus resource [mem 0x40000000-0xfdffffff window]
[    1.160007] pci_bus 0000:00: root bus resource [bus 00-ff]
[    1.173086] pci 0000:00:01.1: legacy IDE quirk: reg 0x10: [io  0x01f0-0x01f7]
[    1.176005] pci 0000:00:01.1: legacy IDE quirk: reg 0x14: [io  0x03f6]
[    1.180005] pci 0000:00:01.1: legacy IDE quirk: reg 0x18: [io  0x0170-0x0177]
[    1.184005] pci 0000:00:01.1: legacy IDE quirk: reg 0x1c: [io  0x0376]
[    1.217888] pci 0000:00:07.0: quirk: [io  0x4000-0x403f] claimed by PIIX4 ACPI
[    1.220056] pci 0000:00:07.0: quirk: [io  0x4100-0x410f] claimed by PIIX4 SMB
[    1.240512] ACPI: PCI Interrupt Link [LNKA] (IRQs 5 9 10 *11)
[    1.249736] ACPI: PCI Interrupt Link [LNKB] (IRQs 5 9 *10 11)
[    1.259316] ACPI: PCI Interrupt Link [LNKC] (IRQs 5 *9 10 11)
[    1.264963] ACPI: PCI Interrupt Link [LNKD] (IRQs 5 9 10 *11)
[    1.274387] ACPI: Enabled 2 GPEs in block 00 to 07
[    1.276287] vgaarb: setting as boot device: PCI:0000:00:02.0
[    1.280000] vgaarb: device added: PCI:0000:00:02.0,decodes=io+mem,owns=io+mem,locks=none
[    1.280007] vgaarb: loaded
[    1.284004] vgaarb: bridge control possible 0000:00:02.0
[    1.288500] SCSI subsystem initialized
[    1.292460] ACPI: bus type USB registered
[    1.296027] usbcore: registered new interface driver usbfs
[    1.300060] usbcore: registered new interface driver hub
[    1.304033] usbcore: registered new device driver usb
[    1.312463] PCI: Using ACPI for IRQ routing
[    1.333401] NetLabel: Initializing
[    1.348007] NetLabel:  domain hash size = 128
[    1.360005] NetLabel:  protocols = UNLABELED CIPSOv4
[    1.372034] NetLabel:  unlabeled traffic allowed by default
[    1.392238] amd_nb: Cannot enumerate AMD northbridges
[    1.400327] clocksource: Switched to clocksource kvm-clock
[    1.463816] AppArmor: AppArmor Filesystem Enabled
[    1.470699] pnp: PnP ACPI init
[    1.477763] pnp: PnP ACPI: found 3 devices
[    1.545388] clocksource: acpi_pm: mask: 0xffffff max_cycles: 0xffffff, max_idle_ns: 2085701024 ns
[    1.562737] NET: Registered protocol family 2
[    1.569661] TCP established hash table entries: 8192 (order: 4, 65536 bytes)
[    1.583361] TCP bind hash table entries: 8192 (order: 5, 131072 bytes)
[    1.592645] TCP: Hash tables configured (established 8192 bind 8192)
[    1.602361] UDP hash table entries: 512 (order: 2, 16384 bytes)
[    1.610234] UDP-Lite hash table entries: 512 (order: 2, 16384 bytes)
[    1.618582] NET: Registered protocol family 1
[    1.624860] pci 0000:00:00.0: Limiting direct PCI/PCI transfers
[    1.632653] pci 0000:00:01.0: Activating ISA DMA hang workarounds
[    1.645295] Unpacking initramfs...
[    1.684269] Freeing initrd memory: 14888K
[    2.165597] clocksource: tsc: mask: 0xffffffffffffffff max_cycles: 0x1e36572f84f, max_idle_ns: 440795290200 ns
[    2.188309] platform rtc_cmos: registered platform RTC device (no PNP device found)
[    2.201843] Scanning for low memory corruption every 60 seconds
[    2.213644] audit: initializing netlink subsys (disabled)
[    2.220817] audit: type=2000 audit(1716203140.996:1): initialized
[    2.228508] Initialise system trusted keyring
[    2.236309] HugeTLB registered 2 MB page size, pre-allocated 0 pages
[    2.247203] zbud: loaded
[    2.253247] VFS: Disk quotas dquot_6.6.0
[    2.260600] VFS: Dquot-cache hash table entries: 512 (order 0, 4096 bytes)
[    2.273139] squashfs: version 4.0 (2009/01/31) Phillip Lougher
[    2.283036] fuse init (API version 7.23)
[    2.289340] Key type big_key registered
[    2.294395] Allocating IMA MOK and blacklist keyrings.
[    2.322232] Key type asymmetric registered
[    2.327813] Asymmetric key parser 'x509' registered
[    2.333896] Block layer SCSI generic (bsg) driver version 0.4 loaded (major 249)
[    2.343926] io scheduler noop registered
[    2.349031] io scheduler deadline registered (default)
[    2.355374] io scheduler cfq registered
[    2.360768] pci_hotplug: PCI Hot Plug PCI Core version: 0.5
[    2.367716] pciehp: PCI Express Hot Plug Controller Driver version: 0.4
[    2.376100] ACPI: AC Adapter [AC] (on-line)
[    2.381345] input: Power Button as /devices/LNXSYSTM:00/LNXPWRBN:00/input/input0
[    2.390351] ACPI: Power Button [PWRF]
[    2.396886] input: Sleep Button as /devices/LNXSYSTM:00/LNXSLPBN:00/input/input1
[    2.406752] ACPI: Sleep Button [SLPF]
[    2.413148] GHES: HEST is not enabled!
[    2.415135] ACPI: Battery Slot [BAT0] (battery present)
[    2.426475] Serial: 8250/16550 driver, 32 ports, IRQ sharing enabled
[    2.462971] 0:02: ttyS0 at I/O 0x3f8 (irq = 4, base_baud = 115200) is a 16550A
[    2.507863] Linux agpgart interface v0.103
[    2.541058] loop: module loaded
[    2.550669] scsi host0: ata_piix
[    2.559593] scsi host1: ata_piix
[    2.565603] ata1: PATA max UDMA/33 cmd 0x1f0 ctl 0x3f6 bmdma 0xd000 irq 14
[    2.569440] ata2: PATA max UDMA/33 cmd 0x170 ctl 0x376 bmdma 0xd008 irq 15
[    2.582200] libphy: Fixed MDIO Bus: probed
[    2.587332] tun: Universal TUN/TAP device driver, 1.6
[    2.591280] tun: (C) 1999-2004 Max Krasnyansky <maxk@qualcomm.com>
[    2.601624] PPP generic driver version 2.4.2
[    2.607958] ehci_hcd: USB 2.0 'Enhanced' Host Controller (EHCI) Driver
[    2.617045] ehci-pci: EHCI PCI platform driver
[    2.623775] ehci-platform: EHCI generic platform driver
[    2.630114] ohci_hcd: USB 1.1 'Open' Host Controller (OHCI) Driver
[    2.637424] ohci-pci: OHCI PCI platform driver
[    2.642773] ohci-platform: OHCI generic platform driver
[    2.651018] uhci_hcd: USB Universal Host Controller Interface driver
[    2.658742] i8042: PNP: PS/2 Controller [PNP0303:PS2K,PNP0f03:PS2M] at 0x60,0x64 irq 1,12
[    2.678325] serio: i8042 KBD port at 0x60,0x64 irq 1
[    2.687150] serio: i8042 AUX port at 0x60,0x64 irq 12
[    2.698517] mousedev: PS/2 mouse device common for all mice
[    2.713689] rtc_cmos rtc_cmos: rtc core: registered rtc_cmos as rtc0
[    2.722014] input: AT Translated Set 2 keyboard as /devices/platform/i8042/serio0/input/input2
[    2.724954] rtc_cmos rtc_cmos: alarms up to one day, 114 bytes nvram
[    2.724974] i2c /dev entries driver
[    2.725046] device-mapper: uevent: version 1.0.3
[    2.725131] device-mapper: ioctl: 4.34.0-ioctl (2015-10-28) initialised: dm-devel@redhat.com
[    2.725156] ledtrig-cpu: registered to indicate activity on CPUs
[    2.814121] NET: Registered protocol family 10
[    2.822331] NET: Registered protocol family 17
[    2.831812] Key type dns_resolver registered
[    2.841275] registered taskstats version 1
[    2.848549] Loading compiled-in X.509 certificates
[    2.855520] Loaded X.509 cert 'Build time autogenerated kernel key: cf00e047681d67edb2720680708b7d9498083038'
[    2.868835] zswap: loaded using pool lzo/zbud
[    2.884976] Key type trusted registered
[    2.906991] Key type encrypted registered
[    2.914523] AppArmor: AppArmor sha1 policy hashing enabled
[    2.921855] ima: No TPM chip found, activating TPM-bypass!
[    2.929823] ima: Allocated hash algorithm: sha1
[    2.936346] evm: HMAC attrs: 0x1
[    2.947088]   Magic number: 8:176:75
[    2.954160] rtc_cmos rtc_cmos: setting system clock to 2024-05-20 11:05:38 UTC (1716203138)
[    2.965731] BIOS EDD facility v0.16 2004-Jun-25, 0 devices found
[    2.973812] EDD information not available.
[    2.982457] Freeing unused kernel memory: 1492K
[    3.004137] Write protecting the kernel read-only data: 14336k
[    3.014321] Freeing unused kernel memory: 1584K
[    3.020871] Freeing unused kernel memory: 52K
Loading, please wait...
starting version 229
[    3.066575] random: systemd-udevd: uninitialized urandom read (16 bytes read, 11 bits of entropy available)
[    3.067537] random: udevadm: uninitialized urandom read (16 bytes read, 11 bits of entropy available)
[    3.067571] random: udevadm: uninitialized urandom read (16 bytes read, 11 bits of entropy available)
[    3.081701] random: udevadm: uninitialized urandom read (16 bytes read, 11 bits of entropy available)
[    3.081768] random: udevadm: uninitialized urandom read (16 bytes read, 11 bits of entropy available)
[    3.081909] random: udevadm: uninitialized urandom read (16 bytes read, 11 bits of entropy available)
[    3.082051] random: udevadm: uninitialized urandom read (16 bytes read, 11 bits of entropy available)
[    3.082118] random: udevadm: uninitialized urandom read (16 bytes read, 11 bits of entropy available)
[    3.082231] random: udevadm: uninitialized urandom read (16 bytes read, 11 bits of entropy available)
[    3.082372] random: udevadm: uninitialized urandom read (16 bytes read, 11 bits of entropy available)
[    3.250591] e1000: Intel(R) PRO/1000 Network Driver - version 7.3.21-k8-NAPI
[    3.260682] e1000: Copyright (c) 1999-2006 Intel Corporation.
[    3.272720] Fusion MPT base driver 3.04.20
[    3.278909] Copyright (c) 1999-2008 LSI Corporation
[    3.327265] Fusion MPT SPI Host driver 3.04.20
[    3.355837] SSE version of gcm_enc/dec engaged.
[    3.622228] input: ImExPS/2 Generic Explorer Mouse as /devices/platform/i8042/serio1/input/input4
[    4.150271] e1000 0000:00:03.0 eth0: (PCI:33MHz:32-bit) 02:be:82:6b:cc:1d
[    4.159045] e1000 0000:00:03.0 eth0: Intel(R) PRO/1000 Network Connection
[    4.925837] e1000 0000:00:08.0 eth1: (PCI:33MHz:32-bit) 08:00:27:9a:c8:22
[    4.935033] e1000 0000:00:08.0 eth1: Intel(R) PRO/1000 Network Connection
[    4.947266] e1000 0000:00:08.0 enp0s8: renamed from eth1
[    4.952999] mptbase: ioc0: Initiating bringup
[    4.973328] e1000 0000:00:03.0 enp0s3: renamed from eth0
[    5.031579] ioc0: LSI53C1030 A0: Capabilities={Initiator}
[    5.221381] scsi host2: ioc0: LSI53C1030 A0, FwRev=00000000h, Ports=1, MaxQ=256, IRQ=20
[    5.373812] scsi 2:0:0:0: Direct-Access     VBOX     HARDDISK         1.0  PQ: 0 ANSI: 5
[    5.386160] scsi target2:0:0: Beginning Domain Validation
[    5.403869] scsi target2:0:0: Domain Validation skipping write tests
[    5.412439] scsi target2:0:0: Ending Domain Validation
[    5.419814] scsi target2:0:0: asynchronous
[    5.454152] scsi 2:0:1:0: Direct-Access     VBOX     HARDDISK         1.0  PQ: 0 ANSI: 5
[    5.464446] scsi target2:0:1: Beginning Domain Validation
[    5.481091] scsi target2:0:1: Domain Validation skipping write tests
[    5.489351] scsi target2:0:1: Ending Domain Validation
[    5.497121] scsi target2:0:1: asynchronous
[    5.554442] sd 2:0:0:0: Attached scsi generic sg0 type 0
[    5.563001] sd 2:0:0:0: [sda] 83886080 512-byte logical blocks: (42.9 GB/40.0 GiB)
[    5.563896] sd 2:0:1:0: [sdb] 20480 512-byte logical blocks: (10.5 MB/10.0 MiB)
[    5.565116] sd 2:0:1:0: [sdb] Write Protect is off
[    5.565821] sd 2:0:1:0: [sdb] Incomplete mode parameter data
[    5.565822] sd 2:0:1:0: [sdb] Assuming drive cache: write through
[    5.569020] sd 2:0:1:0: Attached scsi generic sg1 type 0
[    5.590521] sd 2:0:1:0: [sdb] Attached SCSI disk
[    5.624517] sd 2:0:0:0: [sda] Write Protect is off
[    5.637197] sd 2:0:0:0: [sda] Incomplete mode parameter data
[    5.644736] sd 2:0:0:0: [sda] Assuming drive cache: write through
[    5.661281]  sda: sda1
[    5.669655] sd 2:0:0:0: [sda] Attached SCSI disk
Begin: Loading essential drivers ... [    7.430460] md: linear personality registered for level -1
[    7.445029] md: multipath personality registered for level -4
[    7.458550] md: raid0 personality registered for level 0
[    7.490380] md: raid1 personality registered for level 1
[    7.692628] raid6: sse2x1   gen() 20219 MB/s
[    9.689055] raid6: sse2x1   xor() 107763 MB/s
[   10.685694] raid6: sse2x2   gen() 231164 MB/s
[   11.684600] raid6: sse2x2   xor() 149008 MB/s
[   12.748234] raid6: sse2x4   gen() 13078 MB/s
[   12.830118] raid6: sse2x4   xor()  3766 MB/s
[   12.836125] raid6: using algorithm sse2x2 gen() 231164 MB/s
[   12.843697] raid6: .... xor() 149008 MB/s, rmw enabled
[   12.851459] raid6: using ssse3x2 recovery algorithm
[   12.862743] xor: measuring software checksum speed
[   12.908925]    prefetch64-sse: 15606.000 MB/sec
[   12.952115]    generic_sse: 11877.000 MB/sec
[   12.957306] xor: using function: prefetch64-sse (15606.000 MB/sec)
[   12.970971] async_tx: api initialized (async)
[   13.048990] md: raid6 personality registered for level 6
[   13.056458] md: raid5 personality registered for level 5
[   13.063342] md: raid4 personality registered for level 4
[   13.103157] md: raid10 personality registered for level 10
done.
Begin: Running /scripts/init-premount ... done.
Begin: Mounting root file system ... Begin: Running /scripts/local-top ... done.
Begin: Running /scripts/local-premount ... [   13.241014] Btrfs loaded
Scanning for Btrfs filesystems
done.
Warning: fsck not present, so skipping root file system
[   13.336704] EXT4-fs (sda1): mounted filesystem with ordered data mode. Opts: (null)
done.
Begin: Running /scripts/local-bottom ... done.
Begin: Running /scripts/init-bottom ... done.
[   13.641400] systemd[1]: systemd 229 running in system mode. (+PAM +AUDIT +SELINUX +IMA +APPARMOR +SMACK +SYSVINIT +UTMP +LIBCRYPTSETUP +GCRYPT +GNUTLS +ACL +XZ -LZ4 +SECCOMP +BLKID +ELFUTILS +KMOD -IDN)
[   13.664479] systemd[1]: Detected virtualization oracle.
[   13.672429] systemd[1]: Detected architecture x86-64.

Welcome to [1mUbuntu 16.04.7 LTS[0m!

[   13.701209] systemd[1]: Set hostname to <ubuntu>.
[   13.717904] systemd[1]: Initializing machine ID from random generator.
[   13.726786] systemd[1]: Installed transient /etc/machine-id file.
[   13.978029] random: nonblocking pool is initialized
[   14.014826] systemd[1]: Listening on Syslog Socket.
[[0;32m  OK  [0m] Listening on Syslog Socket.
[   14.034429] systemd[1]: Listening on Journal Audit Socket.
[[0;32m  OK  [0m] Listening on Journal Audit Socket.
[   14.051866] systemd[1]: Listening on Journal Socket (/dev/log).
[[0;32m  OK  [0m] Listening on Journal Socket (/dev/log).
[   14.067727] systemd[1]: Listening on udev Kernel Socket.
[[0;32m  OK  [0m] Listening on udev Kernel Socket.
[   14.090997] systemd[1]: Listening on fsck to fsckd communication Socket.
[[0;32m  OK  [0m] Listening on fsck to fsckd communication Socket.
[   14.109933] systemd[1]: Listening on Journal Socket.
[[0;32m  OK  [0m] Listening on Journal Socket.
[   14.124599] systemd[1]: Listening on Device-mapper event daemon FIFOs.
[[0;32m  OK  [0m] Listening on Device-mapper event daemon FIFOs.
[   14.145546] systemd[1]: Listening on udev Control Socket.
[[0;32m  OK  [0m] Listening on udev Control Socket.
[   14.166692] systemd[1]: Created slice System Slice.
[[0;32m  OK  [0m] Created slice System Slice.
[   14.201736] systemd[1]: Starting Journal Service...
         Starting Journal Service...
[   14.215931] systemd[1]: Starting Uncomplicated firewall...
         Starting Uncomplicated firewall...
[   14.230439] systemd[1]: Mounting Debug File System...
         Mounting Debug File System...
[   14.246918] systemd[1]: Set up automount Arbitrary Executable File Formats File System Automount Point.
[[0;32m  OK  [0m] Set up automount Arbitrary Executab...ats File System Automount Point.
[   14.278465] systemd[1]: Created slice system-serial\x2dgetty.slice.
[[0;32m  OK  [0m] Created slice system-serial\x2dgetty.slice.
[   14.299458] systemd[1]: Listening on LVM2 metadata daemon socket.
[[0;32m  OK  [0m] Listening on LVM2 metadata daemon socket.
[   14.332558] systemd[1]: Starting Monitoring of LVM2 mirrors, snapshots etc. using dmeventd or progress polling...
         Starting Monitoring of LVM2 mirrors... dmeventd or progress polling...
[   14.359209] systemd[1]: Started Forward Password Requests to Wall Directory Watch.
[[0;32m  OK  [0m] Started Forward Password Requests to Wall Directory Watch.
[   14.383480] systemd[1]: Starting Load Kernel Modules...
         Starting Load Kernel Modules...
[   14.405562] systemd[1]: Mounting Huge Pages File System...
         Mounting Huge Pages File System...
[   14.425062] systemd[1]: Starting Set console keymap...
         Starting Set console keymap...
[   14.461705] systemd[1]: Starting File System Check on Root Device...
         Starting File System Check on Root Device...
[   14.492857] systemd[1]: Starting Create list of required static device nodes for the current kernel...
         Starting Create list of required st... nodes for the current kernel...
[   14.546381] systemd[1]: Listening on /dev/initctl Compatibility Named Pipe.
[[0;32m  OK  [0m] Listening on /dev/initctl Compatibility Named Pipe.
[   14.592915] systemd[1]: Listening on LVM2 poll daemon socket.
[[0;32m  OK  [0m] Listening on LVM2 poll daemon socket.
[   14.665389] Loading iSCSI transport class v2.0-870.
[   14.701854] systemd[1]: Mounting POSIX Message Queue File System...
         Mounting POSIX Message Queue File System...
[   14.742161] systemd[1]: Started Trigger resolvconf update for networkd DNS.
[[0;32m  OK  [0m] Started Trigger resolvconf update for networkd DNS.
[   14.763959] systemd[1]: Reached target Swap.
[   14.771794] iscsi: registered transport (tcp)
[[0;32m  OK  [0m] Reached target Swap.
[   14.783038] systemd[1]: Reached target Encrypted Volumes.
[[0;32m  OK  [0m] Reached target Encrypted Volumes.
[   14.798057] systemd[1]: Reached target User and Group Name Lookups.
[[0;32m  OK  [0m] Reached target User and Group Name Lookups.
[   14.845534] systemd[1]: Starting Nameserver information manager...
         Starting Nameserver information manager...
[   14.861009] systemd[1]: Reached target System Time Synchronized.
[[0;32m  OK  [0m] Reached target System Time Synchronized.
[   14.878183] systemd[1]: Created slice User and Session Slice.
[[0;32m  OK  [0m] Created slice User and Session Slice.
[   14.893147] systemd[1]: Reached target Slices.
[[0;32m  OK  [0m] Reached target Slices.
[   14.924070] systemd[1]: Mounted Huge Pages File System.
[[0;32m  OK  [0m] Mounted Huge Pages File System.
[   14.937503] systemd[1]: Mounted POSIX Message Queue File System.
[[0;32m  OK  [0m] Mounted POSIX Message Queue File System.
[   14.953392] systemd[1]: Mounted Debug File System.
[[0;32m  OK  [0m] Mounted Debug File System.
[   14.966236] systemd[1]: Started Journal Service.
[[0;32m  OK  [0m] Started Journal Service.
[[0;32m  OK  [0m] Started Uncomplicated firewall.
[[0;32m  OK  [0m] Started Set console keymap.
[[0;32m  OK  [0m] Started File System Check on Root Device.
[[0;32m  OK  [0m] Started Create list of required sta...ce nodes for the current kernel.
[   15.020738] iscsi: registered transport (iser)
[[0;32m  OK  [0m] Started Load Kernel Modules.
[[0;32m  OK  [0m] Started Nameserver information manager.
[[0;32m  OK  [0m] Started File System Check Daemon to report status.
[[0;32m  OK  [0m] Started LVM2 metadata daemon.
         Starting Apply Kernel Variables...
         Mounting FUSE Control File System...
         Starting Create Static Device Nodes in /dev...
         Starting Remount Root and Kernel File Systems...
[[0;32m  OK  [0m] Mounted FUSE Control File System.
[[0;32m  OK  [0m] Started Apply Kernel Variables.
[[0;32m  OK  [0m] Started Remount Root and Kernel File Systems.
         Starting Flush Journal to Persistent Storage...
         Starting udev Coldplug all Devices...
         Starting Load/Save Random Seed...
[[0;32m  OK  [0m] Started Monitoring of LVM2 mirrors,...ng dmeventd or progress polling.
[[0;32m  OK  [0m] Started Create Static Device Nodes in /dev.
[[0;32m  OK  [0m] Started Load/Save Random Seed.
[[0;32m  OK  [0m] Started Flush Journal to Persistent Storage.
         Starting udev Kernel Device Manager...
[[0;32m  OK  [0m] Reached target Local File Systems (Pre).
[[0;32m  OK  [0m] Reached target Local File Systems.
         Starting Initial cloud-init job (pre-networking)...
         Starting Tell Plymouth To Write Out Runtime Data...
         Starting LSB: AppArmor initialization...
         Starting Set console font and keymap...
         Starting Commit a transient machine-id on disk...
         Starting Create Volatile Files and Directories...
[[0;32m  OK  [0m] Started udev Kernel Device Manager.
[[0;32m  OK  [0m] Started udev Coldplug all Devices.
[[0;32m  OK  [0m] Started Tell Plymouth To Write Out Runtime Data.
[[0;32m  OK  [0m] Started Commit a transient machine-id on disk.
[[0;32m  OK  [0m] Started Create Volatile Files and Directories.
         Starting Update UTMP about System Boot/Shutdown...
[[0;32m  OK  [0m] Started Dispatch Password Requests to Console Directory Watch.
[[0;32m  OK  [0m] Started Update UTMP about System Boot/Shutdown.
[[0;32m  OK  [0m] Found device /dev/ttyS0.
[[0;32m  OK  [0m] Listening on Load/Save RF Kill Switch Status /dev/rfkill Watch.
[[0;32m  OK  [0m] Started Set console font and keymap.
[[0;32m  OK  [0m] Created slice system-getty.slice.
[[0;32m  OK  [0m] Started LSB: AppArmor initialization.
         Starting Load AppArmor profiles managed internally by snapd...
[[0;32m  OK  [0m] Started Load AppArmor profiles managed internally by snapd.
[   18.420489] cloud-init[483]: Cloud-init v. 21.1-19-gbad84ad4-0ubuntu1~16.04.2 running 'init-local' at Mon, 20 May 2024 11:05:53 +0000. Up 17.98 seconds.
[[0;32m  OK  [0m] Started Initial cloud-init job (pre-networking).
[[0;32m  OK  [0m] Reached target Network (Pre).
         Starting Raise network interfaces...
[[0;32m  OK  [0m] Started Raise network interfaces.
         Starting Initial cloud-init job (metadata service crawler)...
[[0;32m  OK  [0m] Reached target Network.
[   20.228894] cloud-init[953]: Cloud-init v. 21.1-19-gbad84ad4-0ubuntu1~16.04.2 running 'init' at Mon, 20 May 2024 11:05:54 +0000. Up 19.32 seconds.
[   20.239278] cloud-init[953]: ci-info: ++++++++++++++++++++++++++++++++++++++Net device info+++++++++++++++++++++++++++++++++++++++
[   20.249238] cloud-init[953]: ci-info: +--------+-------+----------------------------+---------------+--------+-------------------+
[   20.258562] cloud-init[953]: ci-info: | Device |   Up  |          Address           |      Mask     | Scope  |     Hw-Address    |
[   20.268196] cloud-init[953]: ci-info: +--------+-------+----------------------------+---------------+--------+-------------------+
[   20.277481] cloud-init[953]: ci-info: | enp0s3 |  True |         10.0.2.15          | 255.255.255.0 | global | 02:be:82:6b:cc:1d |
[   20.286290] cloud-init[953]: ci-info: | enp0s3 |  True | fe80::be:82ff:fe6b:cc1d/64 |       .       |  link  | 02:be:82:6b:cc:1d |
[   20.295939] cloud-init[953]: ci-info: | enp0s8 | False |             .              |       .       |   .    | 08:00:27:9a:c8:22 |
[   20.305727] cloud-init[953]: ci-info: |   lo   |  True |         127.0.0.1          |   255.0.0.0   |  host  |         .         |
[   20.314434] cloud-init[953]: ci-info: |   lo   |  True |          ::1/128           |       .       |  host  |         .         |
[   20.323029] cloud-init[953]: ci-info: +--------+-------+----------------------------+---------------+--------+-------------------+
[   20.332616] cloud-init[953]: ci-info: +++++++++++++++++++++++++++Route IPv4 info++++++++++++++++++++++++++++
[   20.340578] cloud-init[953]: ci-info: +-------+-------------+----------+---------------+-----------+-------+
[   20.351911] cloud-init[953]: ci-info: | Route | Destination | Gateway  |    Genmask    | Interface | Flags |
[   20.363092] cloud-init[953]: ci-info: +-------+-------------+----------+---------------+-----------+-------+
[   20.372334] cloud-init[953]: ci-info: |   0   |   0.0.0.0   | 10.0.2.2 |    0.0.0.0    |   enp0s3  |   UG  |
[   20.381371] cloud-init[953]: ci-info: |   1   |   10.0.2.0  | 0.0.0.0  | 255.255.255.0 |   enp0s3  |   U   |
[   20.389336] cloud-init[953]: ci-info: +-------+-------------+----------+---------------+-----------+-------+
[   20.397386] cloud-init[953]: ci-info: +++++++++++++++++++Route IPv6 info+++++++++++++++++++
[   20.407130] cloud-init[953]: ci-info: +-------+-------------+---------+-----------+-------+
[   20.415408] cloud-init[953]: ci-info: | Route | Destination | Gateway | Interface | Flags |
[   20.423363] cloud-init[953]: ci-info: +-------+-------------+---------+-----------+-------+
[   20.433661] cloud-init[953]: ci-info: |   0   |  fe80::/64  |    ::   |   enp0s3  |   U   |
[   20.441918] cloud-init[953]: ci-info: |   3   |   ff00::/8  |    ::   |   enp0s3  |   U   |
[   20.443294] cloud-init[953]: ci-info: +-------+-------------+---------+-----------+-------+
[   20.443926] cloud-init[953]: Generating public/private rsa key pair.
[   20.445096] cloud-init[953]: Your identification has been saved in /etc/ssh/ssh_host_rsa_key.
[   20.445659] cloud-init[953]: Your public key has been saved in /etc/ssh/ssh_host_rsa_key.pub.
[   20.446267] cloud-init[953]: The key fingerprint is:
[   20.446820] cloud-init[953]: SHA256:LPZdeYItvEGIjSpliPRYwny7zClOpmr3g9EQEkcCLEU root@ubuntu-xenial
[   20.447576] cloud-init[953]: The key's randomart image is:
[   20.449218] cloud-init[953]: +---[RSA 2048]----+
[   20.449936] cloud-init[953]: |*BE+             |
[   20.450455] cloud-init[953]: |o*B+   + .       |
[   20.451042] cloud-init[953]: |o.+.= o o .      |
[   20.451628] cloud-init[953]: |   = . . o o .   |
[   20.452856] cloud-init[953]: |  + * o S = = .  |
[   20.453433] cloud-init[953]: | + B o o . = o   |
[   20.454066] cloud-init[953]: |= . o   . o      |
[   20.454668] cloud-init[953]: |.o o .           |
[   20.455331] cloud-init[953]: |+ . ...          |
[   20.455905] cloud-init[953]: +----[SHA256]-----+
[   20.457433] cloud-init[953]: Generating public/private dsa key pair.
[   20.457939] cloud-init[953]: Your identification has been saved in /etc/ssh/ssh_host_dsa_key.
[   20.458565] cloud-init[953]: Your public key has been saved in /etc/ssh/ssh_host_dsa_key.pub.
[   20.459228] cloud-init[953]: The key fingerprint is:
[   20.461224] cloud-init[953]: SHA256:Y0YFaCRn9Fj2KPg3KSauTCz5n1a8wbX7pM3GC9Vp1NM root@ubuntu-xenial
[   20.461836] cloud-init[953]: The key's randomart image is:
[   20.462421] cloud-init[953]: +---[DSA 1024]----+
[   20.463094] cloud-init[953]: |    .o=.+..      |
[   20.463764] cloud-init[953]: |     =o= +   . . |
[   20.465198] cloud-init[953]: |    ..o + . . o E|
[   20.465839] cloud-init[953]: |     . o.. o . . |
[   20.466495] cloud-init[953]: |    .o+.S.. +    |
[   20.467148] cloud-init[953]: | o . o==.+ .     |
[   20.467806] cloud-init[953]: |o o .. o.o.      |
[   20.469261] cloud-init[953]: | = .... .*o      |
[   20.470035] cloud-init[953]: |  +oo   .o=.     |
[   20.470818] cloud-init[953]: +----[SHA256]-----+
[   20.471633] cloud-init[953]: Generating public/private ecdsa key pair.
[   20.473278] cloud-init[953]: Your identification has been saved in /etc/ssh/ssh_host_ecdsa_key.
[   20.473868] cloud-init[953]: Your public key has been saved in /etc/ssh/ssh_host_ecdsa_key.pub.
[   20.474507] cloud-init[953]: The key fingerprint is:
[   20.475153] cloud-init[953]: SHA256:FRYyxFMzBzqIGB85QVBCA4y7zhO8a0eC5pHs2GzJnRk root@ubuntu-xenial
[   20.475811] cloud-init[953]: The key's randomart image is:
[   20.477280] cloud-init[953]: +---[ECDSA 256]---+
[   20.477890] cloud-init[953]: |+o*+=o o+.Oo.    |
[   20.478550] cloud-init[953]: |.. *oo .o= =     |
[   20.479198] cloud-init[953]: | .. o.. o..      |
[   20.479878] cloud-init[953]: |.        o       |
[   20.480048] cloud-init[953]: |+..     S        |
[   20.481382] cloud-init[953]: |oO .E            |
[   20.481944] cloud-init[953]: |B+*o +           |
[   20.482583] cloud-init[953]: |.O*.+            |
[   20.483147] cloud-init[953]: |.o+              |
[   20.483741] cloud-init[953]: +----[SHA256]-----+
[   20.485091] cloud-init[953]: Generating public/private ed25519 key pair.
[   20.485637] cloud-init[953]: Your identification has been saved in /etc/ssh/ssh_host_ed25519_key.
[   20.486208] cloud-init[953]: Your public key has been saved in /etc/ssh/ssh_host_ed25519_key.pub.
[   20.486781] cloud-init[953]: The key fingerprint is:
[   20.487408] cloud-init[953]: SHA256:vgRdvJUOd4DqODiVrB/KFtbgEIiS8NUtb961sPTcgAQ root@ubuntu-xenial
[   20.487977] cloud-init[953]: The key's randomart image is:
[   20.490705] cloud-init[953]: +--[ED25519 256]--+
[   20.491985] cloud-init[953]: |+o  .. .E. ..    |
[   20.493867] cloud-init[953]: |=...  o ..o  o   |
[   20.494958] cloud-init[953]: |. .. . + o+.+ .  |
[   20.495605] cloud-init[953]: |  . . +.+.+*o.   |
[   20.497517] cloud-init[953]: |   o *.=So.*.+   |
[   20.498349] cloud-init[953]: |    B =oo o + .  |
[   20.499186] cloud-init[953]: |   o = oo        |
[   20.500030] cloud-init[953]: |    + .. .       |
[   20.501930] cloud-init[953]: |   .    .        |
[   20.502439] cloud-init[953]: +----[SHA256]-----+
[[0;32m  OK  [0m] Started Initial cloud-init job (metadata service crawler).
[[0;32m  OK  [0m] Reached target Network is Online.
         Starting iSCSI initiator daemon (iscsid)...
[[0;32m  OK  [0m] Reached target System Initialization.
[[0;32m  OK  [0m] Started ACPI Events Check.
[[0;32m  OK  [0m] Reached target Paths.
[[0;32m  OK  [0m] Started Daily Cleanup of Temporary Directories.
[[0;32m  OK  [0m] Started Daily apt download activities.
[[0;32m  OK  [0m] Started Daily apt upgrade and clean activities.
[[0;32m  OK  [0m] Listening on UUID daemon activation socket.
         Starting Socket activation for snappy daemon.
[[0;32m  OK  [0m] Started Ubuntu Advantage update messaging.
[[0;32m  OK  [0m] Started Message of the Day.
[[0;32m  OK  [0m] Reached target Timers.
[[0;32m  OK  [0m] Listening on ACPID Listen Socket.
[[0;32m  OK  [0m] Listening on D-Bus System Message Bus Socket.
         Starting LXD - unix socket.
[[0;32m  OK  [0m] Reached target Cloud-config availability.
[[0;32m  OK  [0m] Listening on Socket activation for snappy daemon.
[[0;32m  OK  [0m] Listening on LXD - unix socket.
[[0;32m  OK  [0m] Started iSCSI initiator daemon (iscsid).
         Starting Login to default iSCSI targets...
[[0;32m  OK  [0m] Reached target Sockets.
[[0;32m  OK  [0m] Reached target Basic System.
         Starting LSB: Record successful boot for GRUB...
         Starting Pollinate to seed the pseudo random number generator...
         Starting System Logging Service...
[[0;32m  OK  [0m] Started FUSE filesystem for LXC.
[[0;32m  OK  [0m] Started D-Bus System Message Bus.
         Starting LXD - container startup/shutdown...
[[0;32m  OK  [0m] Started Regular background program processing daemon.
         Starting Snap Daemon...
[[0;32m  OK  [0m] Started Deferred execution scheduler.
[[0;32m  OK  [0m] Started ACPI event daemon.
         Starting /etc/rc.local Compatibility...
         Starting LSB: MD monitoring daemon...
         Starting Virtualbox guest utils...
         Starting Accounts Service...
         Starting Login Service...
[[0;32m  OK  [0m] Started System Logging Service.
[[0;32m  OK  [0m] Started /etc/rc.local Compatibility.
[[0;32m  OK  [0m] Started Login Service.
[[0;32m  OK  [0m] Started Unattended Upgrades Shutdown.
[[0;32m  OK  [0m] Started LSB: Record successful boot for GRUB.
[[0;32m  OK  [0m] Started Login to default iSCSI targets.
         Starting Authenticate and Authorize Users to Run Privileged Tasks...
[[0;32m  OK  [0m] Reached target Remote File Systems (Pre).
[[0;32m  OK  [0m] Reached target Remote File Systems.
         Starting LSB: Set the CPU Frequency Scaling governor to "ondemand"...
         Starting Permit User Sessions...
         Starting LSB: daemon to balance interrupts for SMP systems...
         Starting LSB: automatic crash report generation...
[[0;32m  OK  [0m] Started Pollinate to seed the pseudo random number generator.
[[0;32m  OK  [0m] Started LXD - container startup/shutdown.
[[0;32m  OK  [0m] Started LSB: MD monitoring daemon.
[[0;32m  OK  [0m] Started Permit User Sessions.
[[0;32m  OK  [0m] Started Authenticate and Authorize Users to Run Privileged Tasks.
[[0;32m  OK  [0m] Started Accounts Service.
         Starting Terminate Plymouth Boot Screen...
         Starting Hold until boot process finishes up...
         Starting OpenBSD Secure Shell server...
[[0;32m  OK  [0m] Started Virtualbox guest utils.
[[0;32m  OK  [0m] Started LSB: Set the CPU Frequency Scaling governor to "ondemand".
[[0;32m  OK  [0m] Started LSB: automatic crash report generation.
[[0;32m  OK  [0m] Started Terminate Plymouth Boot Screen.
[[0;32m  OK  [0m] Started Hold until boot process finishes up.
[[0;32m  OK  [0m] Started LSB: daemon to balance interrupts for SMP systems.
[[0;32m  OK  [0m] Started Getty on tty1.
[[0;32m  OK  [0m] Started Serial Getty on ttyS0.
[[0;32m  OK  [0m] Reached target Login Prompts.
         Starting Set console scheme...
[[0;32m  OK  [0m] Started Set console scheme.
[[0;32m  OK  [0m] Started OpenBSD Secure Shell server.
[[0;32m  OK  [0m] Started Snap Daemon.
         Starting Wait until snapd is fully seeded...
[[0;32m  OK  [0m] Started Wait until snapd is fully seeded.
         Starting Apply the settings specified in cloud-config...
[[0;32m  OK  [0m] Reached target Multi-User System.
[[0;32m  OK  [0m] Reached target Graphical Interface.
         Starting Update UTMP about System Runlevel Changes...
[[0;32m  OK  [0m] Started Update UTMP about System Runlevel Changes.
[   24.168952] cloud-init[1308]: Generating locales (this might take a while)...
[[0;32m  OK  [0m] Created slice User Slice of vagrant.
[[0;32m  OK  [0m] Started Session 1 of user vagrant.
         Starting User Manager for UID 1000...
[[0;32m  OK  [0m] Started User Manager for UID 1000.
[   26.112564] cloud-init[1308]:   en_US.UTF-8... done
[   26.130393] cloud-init[1308]: Generation complete.
[   26.850286] cloud-init[1308]: Cloud-init v. 21.1-19-gbad84ad4-0ubuntu1~16.04.2 running 'modules:config' at Mon, 20 May 2024 11:05:59 +0000. Up 24.00 seconds.
[[0;32m  OK  [0m] Started Apply the settings specified in cloud-config.
         Starting Execute cloud user/final scripts...
ci-info: no authorized SSH keys fingerprints found for user ubuntu.
<14>May 20 11:06:03 ec2: 
<14>May 20 11:06:03 ec2: #############################################################
<14>May 20 11:06:03 ec2: -----BEGIN SSH HOST KEY FINGERPRINTS-----
<14>May 20 11:06:03 ec2: 1024 SHA256:Y0YFaCRn9Fj2KPg3KSauTCz5n1a8wbX7pM3GC9Vp1NM root@ubuntu-xenial (DSA)
<14>May 20 11:06:03 ec2: 256 SHA256:FRYyxFMzBzqIGB85QVBCA4y7zhO8a0eC5pHs2GzJnRk root@ubuntu-xenial (ECDSA)
<14>May 20 11:06:03 ec2: 256 SHA256:vgRdvJUOd4DqODiVrB/KFtbgEIiS8NUtb961sPTcgAQ root@ubuntu-xenial (ED25519)
<14>May 20 11:06:03 ec2: 2048 SHA256:LPZdeYItvEGIjSpliPRYwny7zClOpmr3g9EQEkcCLEU root@ubuntu-xenial (RSA)
<14>May 20 11:06:03 ec2: -----END SSH HOST KEY FINGERPRINTS-----
<14>May 20 11:06:03 ec2: #############################################################
-----BEGIN SSH HOST KEY KEYS-----
ecdsa-sha2-nistp256 AAAAE2VjZHNhLXNoYTItbmlzdHAyNTYAAAAIbmlzdHAyNTYAAABBBMm/CjmaoQgJb37HKwiJaZMyZPbazBOgAJEuB6wMH00vUA7RVhfm4EPa3svbSv6YLzRpXt+QKU3dJauZL5vHi2c= root@ubuntu-xenial
ssh-ed25519 AAAAC3NzaC1lZDI1NTE5AAAAIM4BeC7hOEkX8twDaoQg+k7YV4zG94uXnhrvZfn8fpg8 root@ubuntu-xenial
ssh-rsa AAAAB3NzaC1yc2EAAAADAQABAAABAQDrcHEN0jtcHDPV2lG9QvUkXOS3X68OhR/DpImWREh2XrvKRTc8Wf7WUk4+w92cu2ERapO5xGwqGc2ltc+muCDi4g03RUx34I0TAC3e8P3/OyaTsfAkWKfpatc/W5IJV9Z2qIzNifJU3OFfhOrEJ6T9N/4Z/JOO9WUTqlINUuMkHHl/OOFNOuYkZTBp6bx4I3L4F6euOzfbgdFrJKw+yY2FB3TY9zPDHiTldW2BSbUDECYlmaeflc34sDjO8ynDYcRBhABmMkyGEnUWhJCaDluNU99QJp0GmGPrAMpnlzbo08r/vvVJW2N1Zj0MAGVy8z//uxOvfEgTLhH13GKAE94V root@ubuntu-xenial
-----END SSH HOST KEY KEYS-----
[   27.750196] cloud-init[1483]: Cloud-init v. 21.1-19-gbad84ad4-0ubuntu1~16.04.2 running 'modules:final' at Mon, 20 May 2024 11:06:02 +0000. Up 27.40 seconds.
[   27.771859] cloud-init[1483]: ci-info: no authorized SSH keys fingerprints found for user ubuntu.
[   27.784418] cloud-init[1483]: Cloud-init v. 21.1-19-gbad84ad4-0ubuntu1~16.04.2 finished at Mon, 20 May 2024 11:06:03 +0000. Datasource DataSourceNoCloud [seed=/dev/sdb][dsmode=net].  Up 27.74 seconds

Ubuntu 16.04.7 LTS ubuntu-xenial ttyS0

ubuntu-xenial login: 